<?xml version="1.0" encoding="UTF-8"?>
<testsuite xmlns:xsi="http://www.w3.org/2001/XMLSchema-instance" xsi:noNamespaceSchemaLocation="https://maven.apache.org/surefire/maven-surefire-plugin/xsd/surefire-test-report.xsd" version="3.0.2" name="com.ust.Springboot_docker_app.SpringbootDockerAppApplicationTests" time="6.32" tests="1" errors="0" skipped="0" failures="0">
  <properties>
[...]
</properties>
  <testcase name="contextLoads" classname="com.ust.Springboot_docker_app.SpringbootDockerAppApplicationTests" time="1.365">
    <system-out><![CDATA[16:17:40.757 [main] INFO org.springframework.test.context.support.AnnotationConfigContextLoaderUtils -- Could not detect default configuration classes for test class [com.ust.Springboot_docker_app.SpringbootDockerAppApplicationTests]: SpringbootDockerAppApplicationTests does not declare any static, non-private, non-final, nested classes annotated with @Configuration.
16:17:40.954 [main] INFO org.springframework.boot.test.context.SpringBootTestContextBootstrapper -- Found @SpringBootConfiguration com.ust.Springboot_docker_app.SpringbootDockerAppApplication for test class com.ust.Springboot_docker_app.SpringbootDockerAppApplicationTests
16:17:41.302 [main] INFO org.springframework.boot.devtools.restart.RestartApplicationListener -- Restart disabled due to context in which it is running

  .   ____          _            __ _ _
 /\\ / ___'_ __ _ _(_)_ __  __ _ \ \ \ \
( ( )\___ | '_ | '_| | '_ \/ _` | \ \ \ \
 \\/  ___)| |_)| | | | | || (_| |  ) ) ) )
  '  |____| .__|_| |_|_| |_\__, | / / / /
 =========|_|==============|___/=/_/_/_/

 :: Spring Boot ::                (v3.4.4)

2025-03-27T16:17:41.896+05:30  INFO 10452 --- [Springboot-docker-app] [           main] .u.S.SpringbootDockerAppApplicationTests : Starting SpringbootDockerAppApplicationTests using Java 17.0.14 with PID 10452 (started by Administrator in C:\Users\Administrator\Desktop\springboot--ext-api-resttemplete-main)
2025-03-27T16:17:41.900+05:30  INFO 10452 --- [Springboot-docker-app] [           main] .u.S.SpringbootDockerAppApplicationTests : No active profile set, falling back to 1 default profile: "default"
2025-03-27T16:17:45.230+05:30  INFO 10452 --- [Springboot-docker-app] [           main] o.s.b.a.e.web.EndpointLinksResolver      : Exposing 1 endpoint beneath base path '/actuator'
2025-03-27T16:17:45.337+05:30  INFO 10452 --- [Springboot-docker-app] [           main] .u.S.SpringbootDockerAppApplicationTests : Started SpringbootDockerAppApplicationTests in 4.062 seconds (process running for 5.775)
]]></system-out>
  </testcase>
</testsuite>